{
  "object": "realtime.response",
  "id": "resp_AJtjAutqWbC2Uhj1D5f2g",
  "status": "completed",
  "status_details": null,
  "output": [
    {
      "id": "item_AJtjAMKxCdeWat4UbjMTp",
      "object": "realtime.item",
      "type": "message",
      "status": "completed",
      "role": "assistant",
      "content": [
        {
          "type": "text",
          "text": "{\"speed_of_light\":\"299,792,458 meters per second\"}"
        }
      ]
    }
  ],
  "usage": {
    "total_tokens": 40,
    "input_tokens": 24,
    "output_tokens": 16,
    "input_token_details": {
      "cached_tokens": 0,
      "text_tokens": 24,
      "audio_tokens": 0
    },
    "output_token_details": {
      "text_tokens": 16,
      "audio_tokens": 0
    }
  }
}
{
  "object": "realtime.response",
  "id": "resp_AJuMdpyjdFZQJY7xgYFh8",
  "status": "completed",
  "status_details": null,
  "output": [
    {
      "id": "item_AJuMdPhH38FMI6Xw5XsZZ",
      "object": "realtime.item",
      "type": "message",
      "status": "completed",
      "role": "assistant",
      "content": [
        {
          "type": "text",
          "text": "{\"text\": \"The speed of light in a vacuum is approximately 299,792 kilometers per second, or about 186,282 miles per second.\"}"
        }
      ]
    }
  ],
  "usage": {
    "total_tokens": 41,
    "input_tokens": 7,
    "output_tokens": 34,
    "input_token_details": {
      "cached_tokens": 0,
      "text_tokens": 7,
      "audio_tokens": 0
    },
    "output_token_details": {
      "text_tokens": 34,
      "audio_tokens": 0
    }
  }
}
{
  "object": "realtime.response",
  "id": "resp_AJuMhoMHXZwUHjJpmvm2I",
  "status": "completed",
  "status_details": null,
  "output": [
    {
      "id": "item_AJuMhhPUEQq9J3VXyyIk9",
      "object": "realtime.item",
      "type": "message",
      "status": "completed",
      "role": "assistant",
      "content": [
        {
          "type": "text",
          "text": "{\"text\": \"The Earth has a diameter of about 12,742 kilometers, or roughly 7,918 miles.\"}"
        }
      ]
    }
  ],
  "usage": {
    "total_tokens": 70,
    "input_tokens": 42,
    "output_tokens": 28,
    "input_token_details": {
      "cached_tokens": 0,
      "text_tokens": 42,
      "audio_tokens": 0
    },
    "output_token_details": {
      "text_tokens": 28,
      "audio_tokens": 0
    }
  }
}
{
  "object": "realtime.response",
  "id": "resp_AJuNe27myunRAANqTHP9g",
  "status": "completed",
  "status_details": null,
  "output": [
    {
      "id": "item_AJuNeUKQiqlx7orsXz4fT",
      "object": "realtime.item",
      "type": "message",
      "status": "completed",
      "role": "assistant",
      "content": [
        {
          "type": "text",
          "text": "{\"text\":\"The Earth has a diameter of about 12,742 kilometers (7,918 miles) at the equator. Its circumference is roughly 40,075 kilometers (24,901 miles). The total surface area of the Earth is about 510.1 million square kilometers (196.9 million square miles).\"}"
        }
      ]
    }
  ],
  "usage": {
    "total_tokens": 74,
    "input_tokens": 6,
    "output_tokens": 68,
    "input_token_details": {
      "cached_tokens": 0,
      "text_tokens": 6,
      "audio_tokens": 0
    },
    "output_token_details": {
      "text_tokens": 68,
      "audio_tokens": 0
    }
  }
}
{
  "object": "realtime.response",
  "id": "resp_AJuNlJsCmp3O4zLM71vD0",
  "status": "completed",
  "status_details": null,
  "output": [
    {
      "id": "item_AJuNlFln8Vqmzmr1UbHi8",
      "object": "realtime.item",
      "type": "message",
      "status": "completed",
      "role": "assistant",
      "content": [
        {
          "type": "text",
          "text": "{\"text\":\"The Earth has a diameter of about 12,742 kilometers (7,918 miles) at the equator. Its circumference is roughly 40,075 kilometers (24,901 miles). The total surface area of the Earth is about 510.1 million square kilometers (196.9 million square miles).\"}"
        }
      ]
    }
  ],
  "usage": {
    "total_tokens": 144,
    "input_tokens": 76,
    "output_tokens": 68,
    "input_token_details": {
      "cached_tokens": 0,
      "text_tokens": 76,
      "audio_tokens": 0
    },
    "output_token_details": {
      "text_tokens": 68,
      "audio_tokens": 0
    }
  }
}
{
  "object": "realtime.response",
  "id": "resp_AJuNzQf9SjJKFp5z3jRfm",
  "status": "completed",
  "status_details": null,
  "output": [
    {
      "id": "item_AJuNz7aIyjzZ6Ve0Y1f2U",
      "object": "realtime.item",
      "type": "message",
      "status": "completed",
      "role": "assistant",
      "content": [
        {
          "type": "text",
          "text": "{\"title\": \"I'm sorry, I can't process that request.\"}"
        }
      ]
    }
  ],
  "usage": {
    "total_tokens": 22,
    "input_tokens": 6,
    "output_tokens": 16,
    "input_token_details": {
      "cached_tokens": 0,
      "text_tokens": 6,
      "audio_tokens": 0
    },
    "output_token_details": {
      "text_tokens": 16,
      "audio_tokens": 0
    }
  }
}
{
  "object": "realtime.response",
  "id": "resp_AKQsYVSyk1ciPFPqbJVx0",
  "status": "completed",
  "status_details": null,
  "output": [
    {
      "id": "item_AKQsYy4IsbD2TDiew4Xmh",
      "object": "realtime.item",
      "type": "message",
      "status": "completed",
      "role": "assistant",
      "content": [
        {
          "type": "text",
          "text": "{\"text\":\"The Earth has a diameter of about 12,742 kilometers (7,918 miles) and a circumference of about 40,075 kilometers (24,901 miles) at the equator.\"}"
        }
      ]
    }
  ],
  "usage": {
    "total_tokens": 51,
    "input_tokens": 6,
    "output_tokens": 45,
    "input_token_details": {
      "cached_tokens": 0,
      "text_tokens": 6,
      "audio_tokens": 0
    },
    "output_token_details": {
      "text_tokens": 45,
      "audio_tokens": 0
    }
  }
}
